# JRE version: Java(TM) SE Runtime Environment (8.0_111-b14) (build 1.8.0_111-b14)
# Java VM: Java HotSpot(TM) 64-Bit Server VM (25.111-b14 mixed mode linux-amd64 compressed oops)
Heap:
 PSYoungGen      total 249856K, used 0K [0x00000000f0000000, 0x00000000fff80000, 0x0000000100000000)
  eden space 238080K, 0% used [0x00000000f0000000,0x00000000f0000000,0x00000000fe880000)
  from space 11776K, 0% used [0x00000000ff400000,0x00000000ff400000,0x00000000fff80000)
  to   space 11776K, 0% used [0x00000000fe880000,0x00000000fe880000,0x00000000ff400000)
 ParOldGen       total 113664K, used 71482K [0x00000000d0000000, 0x00000000d6f00000, 0x00000000f0000000)
  object space 113664K, 62% used [0x00000000d0000000,0x00000000d45ce9b0,0x00000000d6f00000)
 Metaspace       used 54065K, capacity 55584K, committed 55828K, reserved 1099776K
  class space    used 6017K, capacity 6470K, committed 6528K, reserved 1048576K
GC Heap History (10 events):
Event: 28.477 GC heap after
Heap after GC invocations=30 (full 4):
 PSYoungGen      total 248832K, used 8640K [0x00000000f0000000, 0x0000000100000000, 0x0000000100000000)
  eden space 236544K, 0% used [0x00000000f0000000,0x00000000f0000000,0x00000000fe700000)
  from space 12288K, 70% used [0x00000000ff400000,0x00000000ffc70190,0x0000000100000000)
  to   space 12800K, 0% used [0x00000000fe700000,0x00000000fe700000,0x00000000ff380000)
 ParOldGen       total 113664K, used 56179K [0x00000000d0000000, 0x00000000d6f00000, 0x00000000f0000000)
  object space 113664K, 49% used [0x00000000d0000000,0x00000000d36dcfb8,0x00000000d6f00000)
 Metaspace       used 46923K, capacity 48386K, committed 48728K, reserved 1091584K
  class space    used 5224K, capacity 5671K, committed 5760K, reserved 1048576K
}
Event: 29.661 GC heap before
{Heap before GC invocations=31 (full 4):
 PSYoungGen      total 248832K, used 240948K [0x00000000f0000000, 0x0000000100000000, 0x0000000100000000)
  eden space 236544K, 98% used [0x00000000f0000000,0x00000000fe2dd108,0x00000000fe700000)
  from space 12288K, 70% used [0x00000000ff400000,0x00000000ffc70190,0x0000000100000000)
  to   space 12800K, 0% used [0x00000000fe700000,0x00000000fe700000,0x00000000ff380000)
 ParOldGen       total 113664K, used 56179K [0x00000000d0000000, 0x00000000d6f00000, 0x00000000f0000000)
  object space 113664K, 49% used [0x00000000d0000000,0x00000000d36dcfb8,0x00000000d6f00000)
 Metaspace       used 48725K, capacity 50228K, committed 50392K, reserved 1093632K
  class space    used 5417K, capacity 5835K, committed 5888K, reserved 1048576K
Event: 29.778 GC heap after
Heap after GC invocations=31 (full 4):
 PSYoungGen      total 243200K, used 6385K [0x00000000f0000000, 0x00000000ffe80000, 0x0000000100000000)
  eden space 236544K, 0% used [0x00000000f0000000,0x00000000f0000000,0x00000000fe700000)
  from space 6656K, 95% used [0x00000000fe700000,0x00000000fed3c7b0,0x00000000fed80000)
  to   space 11776K, 0% used [0x00000000ff300000,0x00000000ff300000,0x00000000ffe80000)
 ParOldGen       total 113664K, used 59501K [0x00000000d0000000, 0x00000000d6f00000, 0x00000000f0000000)
  object space 113664K, 52% used [0x00000000d0000000,0x00000000d3a1b468,0x00000000d6f00000)
 Metaspace       used 48725K, capacity 50228K, committed 50392K, reserved 1093632K
  class space    used 5417K, capacity 5835K, committed 5888K, reserved 1048576K
}
Event: 30.579 GC heap before
{Heap before GC invocations=32 (full 4):
 PSYoungGen      total 243200K, used 235419K [0x00000000f0000000, 0x00000000ffe80000, 0x0000000100000000)
  eden space 236544K, 96% used [0x00000000f0000000,0x00000000fdfaa528,0x00000000fe700000)
  from space 6656K, 95% used [0x00000000fe700000,0x00000000fed3c7b0,0x00000000fed80000)
  to   space 11776K, 0% used [0x00000000ff300000,0x00000000ff300000,0x00000000ffe80000)
 ParOldGen       total 113664K, used 59501K [0x00000000d0000000, 0x00000000d6f00000, 0x00000000f0000000)
  object space 113664K, 52% used [0x00000000d0000000,0x00000000d3a1b468,0x00000000d6f00000)
 Metaspace       used 49937K, capacity 51386K, committed 51672K, reserved 1095680K
  class space    used 5590K, capacity 6028K, committed 6144K, reserved 1048576K
Event: 30.617 GC heap after
Heap after GC invocations=32 (full 4):
 PSYoungGen      total 248320K, used 2548K [0x00000000f0000000, 0x0000000100000000, 0x0000000100000000)
  eden space 236544K, 0% used [0x00000000f0000000,0x00000000f0000000,0x00000000fe700000)
  from space 11776K, 21% used [0x00000000ff300000,0x00000000ff57d208,0x00000000ffe80000)
  to   space 12288K, 0% used [0x00000000fe700000,0x00000000fe700000,0x00000000ff300000)
 ParOldGen       total 113664K, used 63761K [0x00000000d0000000, 0x00000000d6f00000, 0x00000000f0000000)
  object space 113664K, 56% used [0x00000000d0000000,0x00000000d3e44608,0x00000000d6f00000)
 Metaspace       used 49937K, capacity 51386K, committed 51672K, reserved 1095680K
  class space    used 5590K, capacity 6028K, committed 6144K, reserved 1048576K
}
Event: 32.454 GC heap before
{Heap before GC invocations=33 (full 4):
 PSYoungGen      total 248320K, used 230044K [0x00000000f0000000, 0x0000000100000000, 0x0000000100000000)
  eden space 236544K, 96% used [0x00000000f0000000,0x00000000fde2a1e8,0x00000000fe700000)
  from space 11776K, 21% used [0x00000000ff300000,0x00000000ff57d208,0x00000000ffe80000)
  to   space 12288K, 0% used [0x00000000fe700000,0x00000000fe700000,0x00000000ff300000)
 ParOldGen       total 113664K, used 63761K [0x00000000d0000000, 0x00000000d6f00000, 0x00000000f0000000)
  object space 113664K, 56% used [0x00000000d0000000,0x00000000d3e44608,0x00000000d6f00000)
 Metaspace       used 51270K, capacity 52754K, committed 53080K, reserved 1095680K
  class space    used 5758K, capacity 6168K, committed 6272K, reserved 1048576K
Event: 32.484 GC heap after
Heap after GC invocations=33 (full 4):
 PSYoungGen      total 248832K, used 3479K [0x00000000f0000000, 0x00000000fff80000, 0x0000000100000000)
  eden space 236544K, 0% used [0x00000000f0000000,0x00000000f0000000,0x00000000fe700000)
  from space 12288K, 28% used [0x00000000fe700000,0x00000000fea65f88,0x00000000ff300000)
  to   space 11776K, 0% used [0x00000000ff400000,0x00000000ff400000,0x00000000fff80000)
 ParOldGen       total 113664K, used 64695K [0x00000000d0000000, 0x00000000d6f00000, 0x00000000f0000000)
  object space 113664K, 56% used [0x00000000d0000000,0x00000000d3f2de58,0x00000000d6f00000)
 Metaspace       used 51270K, capacity 52754K, committed 53080K, reserved 1095680K
  class space    used 5758K, capacity 6168K, committed 6272K, reserved 1048576K
}
Event: 35.550 GC heap before
{Heap before GC invocations=34 (full 4):
 PSYoungGen      total 248832K, used 197616K [0x00000000f0000000, 0x00000000fff80000, 0x0000000100000000)
  eden space 236544K, 82% used [0x00000000f0000000,0x00000000fbd96438,0x00000000fe700000)
  from space 12288K, 28% used [0x00000000fe700000,0x00000000fea65f88,0x00000000ff300000)
  to   space 11776K, 0% used [0x00000000ff400000,0x00000000ff400000,0x00000000fff80000)
 ParOldGen       total 113664K, used 64695K [0x00000000d0000000, 0x00000000d6f00000, 0x00000000f0000000)
  object space 113664K, 56% used [0x00000000d0000000,0x00000000d3f2de58,0x00000000d6f00000)
 Metaspace       used 54065K, capacity 55584K, committed 55828K, reserved 1099776K
  class space    used 6017K, capacity 6470K, committed 6528K, reserved 1048576K
Event: 35.587 GC heap after
Heap after GC invocations=34 (full 4):
 PSYoungGen      total 249856K, used 7510K [0x00000000f0000000, 0x00000000fff80000, 0x0000000100000000)
  eden space 238080K, 0% used [0x00000000f0000000,0x00000000f0000000,0x00000000fe880000)
  from space 11776K, 63% used [0x00000000ff400000,0x00000000ffb55be0,0x00000000fff80000)
  to   space 11776K, 0% used [0x00000000fe880000,0x00000000fe880000,0x00000000ff400000)
 ParOldGen       total 113664K, used 65079K [0x00000000d0000000, 0x00000000d6f00000, 0x00000000f0000000)
  object space 113664K, 57% used [0x00000000d0000000,0x00000000d3f8de58,0x00000000d6f00000)
 Metaspace       used 54065K, capacity 55584K, committed 55828K, reserved 1099776K
  class space    used 6017K, capacity 6470K, committed 6528K, reserved 1048576K
}
Event: 35.587 GC heap before
{Heap before GC invocations=35 (full 5):
 PSYoungGen      total 249856K, used 7510K [0x00000000f0000000, 0x00000000fff80000, 0x0000000100000000)
  eden space 238080K, 0% used [0x00000000f0000000,0x00000000f0000000,0x00000000fe880000)
  from space 11776K, 63% used [0x00000000ff400000,0x00000000ffb55be0,0x00000000fff80000)
  to   space 11776K, 0% used [0x00000000fe880000,0x00000000fe880000,0x00000000ff400000)
 ParOldGen       total 113664K, used 65079K [0x00000000d0000000, 0x00000000d6f00000, 0x00000000f0000000)
  object space 113664K, 57% used [0x00000000d0000000,0x00000000d3f8de58,0x00000000d6f00000)
 Metaspace       used 54065K, capacity 55584K, committed 55828K, reserved 1099776K
  class space    used 6017K, capacity 6470K, committed 6528K, reserved 1048576K

