# JRE version: Java(TM) SE Runtime Environment (8.0_111-b14) (build 1.8.0_111-b14)
# Java VM: Java HotSpot(TM) 64-Bit Server VM (25.111-b14 mixed mode linux-amd64 compressed oops)
Heap:
 PSYoungGen      total 471040K, used 45044K [0x00000000d5d80000, 0x00000000f8c00000, 0x0000000100000000)
  eden space 425984K, 0% used [0x00000000d5d80000,0x00000000d5d80000,0x00000000efd80000)
  from space 45056K, 99% used [0x00000000f6000000,0x00000000f8bfd1d0,0x00000000f8c00000)
  to   space 38400K, 0% used [0x00000000efd80000,0x00000000efd80000,0x00000000f2300000)
 ParOldGen       total 102400K, used 90558K [0x0000000081800000, 0x0000000087c00000, 0x00000000d5d80000)
  object space 102400K, 88% used [0x0000000081800000,0x000000008706f9e0,0x0000000087c00000)
 Metaspace       used 51185K, capacity 53300K, committed 53464K, reserved 1095680K
  class space    used 5965K, capacity 6561K, committed 6656K, reserved 1048576K
GC Heap History (10 events):
Event: 35.882 GC heap after
Heap after GC invocations=28 (full 3):
 PSYoungGen      total 368640K, used 22265K [0x00000000d5d80000, 0x00000000f1500000, 0x0000000100000000)
  eden space 335360K, 0% used [0x00000000d5d80000,0x00000000d5d80000,0x00000000ea500000)
  from space 33280K, 66% used [0x00000000ea500000,0x00000000ebabe690,0x00000000ec580000)
  to   space 34816K, 0% used [0x00000000ef300000,0x00000000ef300000,0x00000000f1500000)
 ParOldGen       total 102400K, used 63246K [0x0000000081800000, 0x0000000087c00000, 0x00000000d5d80000)
  object space 102400K, 61% used [0x0000000081800000,0x00000000855c3878,0x0000000087c00000)
 Metaspace       used 43032K, capacity 44720K, committed 44888K, reserved 1089536K
  class space    used 4878K, capacity 5403K, committed 5504K, reserved 1048576K
}
Event: 37.965 GC heap before
{Heap before GC invocations=29 (full 3):
 PSYoungGen      total 368640K, used 357625K [0x00000000d5d80000, 0x00000000f1500000, 0x0000000100000000)
  eden space 335360K, 100% used [0x00000000d5d80000,0x00000000ea500000,0x00000000ea500000)
  from space 33280K, 66% used [0x00000000ea500000,0x00000000ebabe690,0x00000000ec580000)
  to   space 34816K, 0% used [0x00000000ef300000,0x00000000ef300000,0x00000000f1500000)
 ParOldGen       total 102400K, used 63246K [0x0000000081800000, 0x0000000087c00000, 0x00000000d5d80000)
  object space 102400K, 61% used [0x0000000081800000,0x00000000855c3878,0x0000000087c00000)
 Metaspace       used 43196K, capacity 44886K, committed 45144K, reserved 1089536K
  class space    used 4891K, capacity 5437K, committed 5504K, reserved 1048576K
Event: 38.034 GC heap after
Heap after GC invocations=29 (full 3):
 PSYoungGen      total 413184K, used 26039K [0x00000000d5d80000, 0x00000000f1a00000, 0x0000000100000000)
  eden space 378368K, 0% used [0x00000000d5d80000,0x00000000d5d80000,0x00000000ecf00000)
  from space 34816K, 74% used [0x00000000ef300000,0x00000000f0c6dd60,0x00000000f1500000)
  to   space 36864K, 0% used [0x00000000ecf00000,0x00000000ecf00000,0x00000000ef300000)
 ParOldGen       total 102400K, used 63246K [0x0000000081800000, 0x0000000087c00000, 0x00000000d5d80000)
  object space 102400K, 61% used [0x0000000081800000,0x00000000855c3878,0x0000000087c00000)
 Metaspace       used 43196K, capacity 44886K, committed 45144K, reserved 1089536K
  class space    used 4891K, capacity 5437K, committed 5504K, reserved 1048576K
}
Event: 39.998 GC heap before
{Heap before GC invocations=30 (full 3):
 PSYoungGen      total 413184K, used 404407K [0x00000000d5d80000, 0x00000000f1a00000, 0x0000000100000000)
  eden space 378368K, 100% used [0x00000000d5d80000,0x00000000ecf00000,0x00000000ecf00000)
  from space 34816K, 74% used [0x00000000ef300000,0x00000000f0c6dd60,0x00000000f1500000)
  to   space 36864K, 0% used [0x00000000ecf00000,0x00000000ecf00000,0x00000000ef300000)
 ParOldGen       total 102400K, used 63246K [0x0000000081800000, 0x0000000087c00000, 0x00000000d5d80000)
  object space 102400K, 61% used [0x0000000081800000,0x00000000855c3878,0x0000000087c00000)
 Metaspace       used 43196K, capacity 44886K, committed 45144K, reserved 1089536K
  class space    used 4891K, capacity 5437K, committed 5504K, reserved 1048576K
Event: 40.044 GC heap after
Heap after GC invocations=30 (full 3):
 PSYoungGen      total 415232K, used 22785K [0x00000000d5d80000, 0x00000000f4900000, 0x0000000100000000)
  eden space 378368K, 0% used [0x00000000d5d80000,0x00000000d5d80000,0x00000000ecf00000)
  from space 36864K, 61% used [0x00000000ecf00000,0x00000000ee540460,0x00000000ef300000)
  to   space 37376K, 0% used [0x00000000f2480000,0x00000000f2480000,0x00000000f4900000)
 ParOldGen       total 102400K, used 63246K [0x0000000081800000, 0x0000000087c00000, 0x00000000d5d80000)
  object space 102400K, 61% used [0x0000000081800000,0x00000000855c3878,0x0000000087c00000)
 Metaspace       used 43196K, capacity 44886K, committed 45144K, reserved 1089536K
  class space    used 4891K, capacity 5437K, committed 5504K, reserved 1048576K
}
Event: 42.397 GC heap before
{Heap before GC invocations=31 (full 3):
 PSYoungGen      total 415232K, used 401153K [0x00000000d5d80000, 0x00000000f4900000, 0x0000000100000000)
  eden space 378368K, 100% used [0x00000000d5d80000,0x00000000ecf00000,0x00000000ecf00000)
  from space 36864K, 61% used [0x00000000ecf00000,0x00000000ee540460,0x00000000ef300000)
  to   space 37376K, 0% used [0x00000000f2480000,0x00000000f2480000,0x00000000f4900000)
 ParOldGen       total 102400K, used 63246K [0x0000000081800000, 0x0000000087c00000, 0x00000000d5d80000)
  object space 102400K, 61% used [0x0000000081800000,0x00000000855c3878,0x0000000087c00000)
 Metaspace       used 43239K, capacity 44950K, committed 45144K, reserved 1089536K
  class space    used 4894K, capacity 5437K, committed 5504K, reserved 1048576K
Event: 42.440 GC heap after
Heap after GC invocations=31 (full 3):
 PSYoungGen      total 462848K, used 23784K [0x00000000d5d80000, 0x00000000f4880000, 0x0000000100000000)
  eden space 425984K, 0% used [0x00000000d5d80000,0x00000000d5d80000,0x00000000efd80000)
  from space 36864K, 64% used [0x00000000f2480000,0x00000000f3bba348,0x00000000f4880000)
  to   space 38400K, 0% used [0x00000000efd80000,0x00000000efd80000,0x00000000f2300000)
 ParOldGen       total 102400K, used 63246K [0x0000000081800000, 0x0000000087c00000, 0x00000000d5d80000)
  object space 102400K, 61% used [0x0000000081800000,0x00000000855c3878,0x0000000087c00000)
 Metaspace       used 43239K, capacity 44950K, committed 45144K, reserved 1089536K
  class space    used 4894K, capacity 5437K, committed 5504K, reserved 1048576K
}
Event: 45.746 GC heap before
{Heap before GC invocations=32 (full 3):
 PSYoungGen      total 462848K, used 449768K [0x00000000d5d80000, 0x00000000f4880000, 0x0000000100000000)
  eden space 425984K, 100% used [0x00000000d5d80000,0x00000000efd80000,0x00000000efd80000)
  from space 36864K, 64% used [0x00000000f2480000,0x00000000f3bba348,0x00000000f4880000)
  to   space 38400K, 0% used [0x00000000efd80000,0x00000000efd80000,0x00000000f2300000)
 ParOldGen       total 102400K, used 63246K [0x0000000081800000, 0x0000000087c00000, 0x00000000d5d80000)
  object space 102400K, 61% used [0x0000000081800000,0x00000000855c3878,0x0000000087c00000)
 Metaspace       used 44796K, capacity 46680K, committed 46936K, reserved 1091584K
  class space    used 5120K, capacity 5670K, committed 5760K, reserved 1048576K
Event: 45.861 GC heap after
Heap after GC invocations=32 (full 3):
 PSYoungGen      total 464384K, used 38374K [0x00000000d5d80000, 0x00000000f8c00000, 0x0000000100000000)
  eden space 425984K, 0% used [0x00000000d5d80000,0x00000000d5d80000,0x00000000efd80000)
  from space 38400K, 99% used [0x00000000efd80000,0x00000000f22f9820,0x00000000f2300000)
  to   space 45056K, 0% used [0x00000000f6000000,0x00000000f6000000,0x00000000f8c00000)
 ParOldGen       total 102400K, used 66324K [0x0000000081800000, 0x0000000087c00000, 0x00000000d5d80000)
  object space 102400K, 64% used [0x0000000081800000,0x00000000858c5018,0x0000000087c00000)
 Metaspace       used 44796K, capacity 46680K, committed 46936K, reserved 1091584K
  class space    used 5120K, capacity 5670K, committed 5760K, reserved 1048576K
}
Event: 2495.624 GC heap before
{Heap before GC invocations=33 (full 3):
 PSYoungGen      total 464384K, used 464358K [0x00000000d5d80000, 0x00000000f8c00000, 0x0000000100000000)
  eden space 425984K, 100% used [0x00000000d5d80000,0x00000000efd80000,0x00000000efd80000)
  from space 38400K, 99% used [0x00000000efd80000,0x00000000f22f9820,0x00000000f2300000)
  to   space 45056K, 0% used [0x00000000f6000000,0x00000000f6000000,0x00000000f8c00000)
 ParOldGen       total 102400K, used 66324K [0x0000000081800000, 0x0000000087c00000, 0x00000000d5d80000)
  object space 102400K, 64% used [0x0000000081800000,0x00000000858c5018,0x0000000087c00000)
 Metaspace       used 51185K, capacity 53300K, committed 53464K, reserved 1095680K
  class space    used 5965K, capacity 6561K, committed 6656K, reserved 1048576K

