# JRE version: Java(TM) SE Runtime Environment (8.0_111-b14) (build 1.8.0_111-b14)
# Java VM: Java HotSpot(TM) 64-Bit Server VM (25.111-b14 mixed mode linux-amd64 compressed oops)
Heap:
 PSYoungGen      total 206336K, used 19957K [0x00000000f0000000, 0x00000000fe700000, 0x0000000100000000)
  eden space 186368K, 0% used [0x00000000f0000000,0x00000000f0000000,0x00000000fb600000)
  from space 19968K, 99% used [0x00000000fb600000,0x00000000fc97d540,0x00000000fc980000)
  to   space 15360K, 0% used [0x00000000fc980000,0x00000000fc980000,0x00000000fd880000)
 ParOldGen       total 50176K, used 46938K [0x00000000d0000000, 0x00000000d3100000, 0x00000000f0000000)
  object space 50176K, 93% used [0x00000000d0000000,0x00000000d2dd6bd0,0x00000000d3100000)
 Metaspace       used 33323K, capacity 35028K, committed 35328K, reserved 1079296K
  class space    used 3985K, capacity 4515K, committed 4608K, reserved 1048576K
GC Heap History (10 events):
Event: 5.129 GC heap after
Heap after GC invocations=7 (full 1):
 PSYoungGen      total 104960K, used 4544K [0x00000000f0000000, 0x00000000f8e00000, 0x0000000100000000)
  eden space 100352K, 0% used [0x00000000f0000000,0x00000000f0000000,0x00000000f6200000)
  from space 4608K, 98% used [0x00000000f8980000,0x00000000f8df0000,0x00000000f8e00000)
  to   space 9728K, 0% used [0x00000000f7b00000,0x00000000f7b00000,0x00000000f8480000)
 ParOldGen       total 50176K, used 18799K [0x00000000d0000000, 0x00000000d3100000, 0x00000000f0000000)
  object space 50176K, 37% used [0x00000000d0000000,0x00000000d125bf38,0x00000000d3100000)
 Metaspace       used 21488K, capacity 21922K, committed 22144K, reserved 1069056K
  class space    used 2479K, capacity 2586K, committed 2688K, reserved 1048576K
}
Event: 6.666 GC heap before
{Heap before GC invocations=8 (full 1):
 PSYoungGen      total 104960K, used 104896K [0x00000000f0000000, 0x00000000f8e00000, 0x0000000100000000)
  eden space 100352K, 100% used [0x00000000f0000000,0x00000000f6200000,0x00000000f6200000)
  from space 4608K, 98% used [0x00000000f8980000,0x00000000f8df0000,0x00000000f8e00000)
  to   space 9728K, 0% used [0x00000000f7b00000,0x00000000f7b00000,0x00000000f8480000)
 ParOldGen       total 50176K, used 18799K [0x00000000d0000000, 0x00000000d3100000, 0x00000000f0000000)
  object space 50176K, 37% used [0x00000000d0000000,0x00000000d125bf38,0x00000000d3100000)
 Metaspace       used 22046K, capacity 22516K, committed 22656K, reserved 1069056K
  class space    used 2485K, capacity 2589K, committed 2688K, reserved 1048576K
Event: 6.684 GC heap after
Heap after GC invocations=8 (full 1):
 PSYoungGen      total 135680K, used 4912K [0x00000000f0000000, 0x00000000fa500000, 0x0000000100000000)
  eden space 125952K, 0% used [0x00000000f0000000,0x00000000f0000000,0x00000000f7b00000)
  from space 9728K, 50% used [0x00000000f7b00000,0x00000000f7fcc010,0x00000000f8480000)
  to   space 9728K, 0% used [0x00000000f9b80000,0x00000000f9b80000,0x00000000fa500000)
 ParOldGen       total 50176K, used 18807K [0x00000000d0000000, 0x00000000d3100000, 0x00000000f0000000)
  object space 50176K, 37% used [0x00000000d0000000,0x00000000d125df38,0x00000000d3100000)
 Metaspace       used 22046K, capacity 22516K, committed 22656K, reserved 1069056K
  class space    used 2485K, capacity 2589K, committed 2688K, reserved 1048576K
}
Event: 8.399 GC heap before
{Heap before GC invocations=9 (full 1):
 PSYoungGen      total 135680K, used 130864K [0x00000000f0000000, 0x00000000fa500000, 0x0000000100000000)
  eden space 125952K, 100% used [0x00000000f0000000,0x00000000f7b00000,0x00000000f7b00000)
  from space 9728K, 50% used [0x00000000f7b00000,0x00000000f7fcc010,0x00000000f8480000)
  to   space 9728K, 0% used [0x00000000f9b80000,0x00000000f9b80000,0x00000000fa500000)
 ParOldGen       total 50176K, used 18807K [0x00000000d0000000, 0x00000000d3100000, 0x00000000f0000000)
  object space 50176K, 37% used [0x00000000d0000000,0x00000000d125df38,0x00000000d3100000)
 Metaspace       used 25550K, capacity 26168K, committed 26496K, reserved 1073152K
  class space    used 2927K, capacity 3093K, committed 3200K, reserved 1048576K
Event: 8.451 GC heap after
Heap after GC invocations=9 (full 1):
 PSYoungGen      total 157184K, used 9722K [0x00000000f0000000, 0x00000000fcf00000, 0x0000000100000000)
  eden space 147456K, 0% used [0x00000000f0000000,0x00000000f0000000,0x00000000f9000000)
  from space 9728K, 99% used [0x00000000f9b80000,0x00000000fa4fe9e0,0x00000000fa500000)
  to   space 11776K, 0% used [0x00000000f9000000,0x00000000f9000000,0x00000000f9b80000)
 ParOldGen       total 50176K, used 21399K [0x00000000d0000000, 0x00000000d3100000, 0x00000000f0000000)
  object space 50176K, 42% used [0x00000000d0000000,0x00000000d14e5cc0,0x00000000d3100000)
 Metaspace       used 25550K, capacity 26168K, committed 26496K, reserved 1073152K
  class space    used 2927K, capacity 3093K, committed 3200K, reserved 1048576K
}
Event: 10.395 GC heap before
{Heap before GC invocations=10 (full 1):
 PSYoungGen      total 157184K, used 157178K [0x00000000f0000000, 0x00000000fcf00000, 0x0000000100000000)
  eden space 147456K, 100% used [0x00000000f0000000,0x00000000f9000000,0x00000000f9000000)
  from space 9728K, 99% used [0x00000000f9b80000,0x00000000fa4fe9e0,0x00000000fa500000)
  to   space 11776K, 0% used [0x00000000f9000000,0x00000000f9000000,0x00000000f9b80000)
 ParOldGen       total 50176K, used 21399K [0x00000000d0000000, 0x00000000d3100000, 0x00000000f0000000)
  object space 50176K, 42% used [0x00000000d0000000,0x00000000d14e5cc0,0x00000000d3100000)
 Metaspace       used 28138K, capacity 29508K, committed 29696K, reserved 1075200K
  class space    used 3292K, capacity 3719K, committed 3840K, reserved 1048576K
Event: 10.447 GC heap after
Heap after GC invocations=10 (full 1):
 PSYoungGen      total 159232K, used 11744K [0x00000000f0000000, 0x00000000fd880000, 0x0000000100000000)
  eden space 147456K, 0% used [0x00000000f0000000,0x00000000f0000000,0x00000000f9000000)
  from space 11776K, 99% used [0x00000000f9000000,0x00000000f9b78138,0x00000000f9b80000)
  to   space 15360K, 0% used [0x00000000fc980000,0x00000000fc980000,0x00000000fd880000)
 ParOldGen       total 50176K, used 26660K [0x00000000d0000000, 0x00000000d3100000, 0x00000000f0000000)
  object space 50176K, 53% used [0x00000000d0000000,0x00000000d1a091a8,0x00000000d3100000)
 Metaspace       used 28138K, capacity 29508K, committed 29696K, reserved 1075200K
  class space    used 3292K, capacity 3719K, committed 3840K, reserved 1048576K
}
Event: 11.973 GC heap before
{Heap before GC invocations=11 (full 1):
 PSYoungGen      total 159232K, used 159200K [0x00000000f0000000, 0x00000000fd880000, 0x0000000100000000)
  eden space 147456K, 100% used [0x00000000f0000000,0x00000000f9000000,0x00000000f9000000)
  from space 11776K, 99% used [0x00000000f9000000,0x00000000f9b78138,0x00000000f9b80000)
  to   space 15360K, 0% used [0x00000000fc980000,0x00000000fc980000,0x00000000fd880000)
 ParOldGen       total 50176K, used 26660K [0x00000000d0000000, 0x00000000d3100000, 0x00000000f0000000)
  object space 50176K, 53% used [0x00000000d0000000,0x00000000d1a091a8,0x00000000d3100000)
 Metaspace       used 30953K, capacity 32444K, committed 32640K, reserved 1077248K
  class space    used 3693K, capacity 4188K, committed 4224K, reserved 1048576K
Event: 12.063 GC heap after
Heap after GC invocations=11 (full 1):
 PSYoungGen      total 201728K, used 15334K [0x00000000f0000000, 0x00000000fe700000, 0x0000000100000000)
  eden space 186368K, 0% used [0x00000000f0000000,0x00000000f0000000,0x00000000fb600000)
  from space 15360K, 99% used [0x00000000fc980000,0x00000000fd879a30,0x00000000fd880000)
  to   space 19968K, 0% used [0x00000000fb600000,0x00000000fb600000,0x00000000fc980000)
 ParOldGen       total 50176K, used 32389K [0x00000000d0000000, 0x00000000d3100000, 0x00000000f0000000)
  object space 50176K, 64% used [0x00000000d0000000,0x00000000d1fa14a8,0x00000000d3100000)
 Metaspace       used 30953K, capacity 32444K, committed 32640K, reserved 1077248K
  class space    used 3693K, capacity 4188K, committed 4224K, reserved 1048576K
}
Event: 13.951 GC heap before
{Heap before GC invocations=12 (full 1):
 PSYoungGen      total 201728K, used 201702K [0x00000000f0000000, 0x00000000fe700000, 0x0000000100000000)
  eden space 186368K, 100% used [0x00000000f0000000,0x00000000fb600000,0x00000000fb600000)
  from space 15360K, 99% used [0x00000000fc980000,0x00000000fd879a30,0x00000000fd880000)
  to   space 19968K, 0% used [0x00000000fb600000,0x00000000fb600000,0x00000000fc980000)
 ParOldGen       total 50176K, used 32389K [0x00000000d0000000, 0x00000000d3100000, 0x00000000f0000000)
  object space 50176K, 64% used [0x00000000d0000000,0x00000000d1fa14a8,0x00000000d3100000)
 Metaspace       used 33323K, capacity 35028K, committed 35328K, reserved 1079296K
  class space    used 3985K, capacity 4515K, committed 4608K, reserved 1048576K

