# JRE version: Java(TM) SE Runtime Environment (8.0_111-b14) (build 1.8.0_111-b14)
# Java VM: Java HotSpot(TM) 64-Bit Server VM (25.111-b14 mixed mode linux-amd64 compressed oops)
Heap:
 PSYoungGen      total 206336K, used 20953K [0x00000000f0000000, 0x00000000fe200000, 0x0000000100000000)
  eden space 183296K, 0% used [0x00000000f0000000,0x00000000f0000000,0x00000000fb300000)
  from space 23040K, 90% used [0x00000000fb300000,0x00000000fc7766b0,0x00000000fc980000)
  to   space 24064K, 0% used [0x00000000fc980000,0x00000000fc980000,0x00000000fe100000)
 ParOldGen       total 94720K, used 47136K [0x00000000d0000000, 0x00000000d5c80000, 0x00000000f0000000)
  object space 94720K, 49% used [0x00000000d0000000,0x00000000d2e08380,0x00000000d5c80000)
 Metaspace       used 38115K, capacity 40038K, committed 40192K, reserved 1083392K
  class space    used 4648K, capacity 5273K, committed 5376K, reserved 1048576K
GC Heap History (10 events):
Event: 10.642 GC heap after
Heap after GC invocations=12 (full 1):
 PSYoungGen      total 124416K, used 10224K [0x00000000f0000000, 0x00000000fa580000, 0x0000000100000000)
  eden space 114176K, 0% used [0x00000000f0000000,0x00000000f0000000,0x00000000f6f80000)
  from space 10240K, 99% used [0x00000000f6f80000,0x00000000f797c020,0x00000000f7980000)
  to   space 13312K, 0% used [0x00000000f9880000,0x00000000f9880000,0x00000000fa580000)
 ParOldGen       total 48640K, used 28536K [0x00000000d0000000, 0x00000000d2f80000, 0x00000000f0000000)
  object space 48640K, 58% used [0x00000000d0000000,0x00000000d1bde2a0,0x00000000d2f80000)
 Metaspace       used 27899K, capacity 29224K, committed 29312K, reserved 1075200K
  class space    used 3265K, capacity 3676K, committed 3712K, reserved 1048576K
}
Event: 11.871 GC heap before
{Heap before GC invocations=13 (full 1):
 PSYoungGen      total 124416K, used 124400K [0x00000000f0000000, 0x00000000fa580000, 0x0000000100000000)
  eden space 114176K, 100% used [0x00000000f0000000,0x00000000f6f80000,0x00000000f6f80000)
  from space 10240K, 99% used [0x00000000f6f80000,0x00000000f797c020,0x00000000f7980000)
  to   space 13312K, 0% used [0x00000000f9880000,0x00000000f9880000,0x00000000fa580000)
 ParOldGen       total 48640K, used 28536K [0x00000000d0000000, 0x00000000d2f80000, 0x00000000f0000000)
  object space 48640K, 58% used [0x00000000d0000000,0x00000000d1bde2a0,0x00000000d2f80000)
 Metaspace       used 30540K, capacity 32034K, committed 32256K, reserved 1077248K
  class space    used 3629K, capacity 4095K, committed 4096K, reserved 1048576K
Event: 11.976 GC heap after
Heap after GC invocations=13 (full 1):
 PSYoungGen      total 153088K, used 13280K [0x00000000f0000000, 0x00000000fb080000, 0x0000000100000000)
  eden space 139776K, 0% used [0x00000000f0000000,0x00000000f0000000,0x00000000f8880000)
  from space 13312K, 99% used [0x00000000f9880000,0x00000000fa578030,0x00000000fa580000)
  to   space 16384K, 0% used [0x00000000f8880000,0x00000000f8880000,0x00000000f9880000)
 ParOldGen       total 48640K, used 32234K [0x00000000d0000000, 0x00000000d2f80000, 0x00000000f0000000)
  object space 48640K, 66% used [0x00000000d0000000,0x00000000d1f7a9c8,0x00000000d2f80000)
 Metaspace       used 30540K, capacity 32034K, committed 32256K, reserved 1077248K
  class space    used 3629K, capacity 4095K, committed 4096K, reserved 1048576K
}
Event: 14.101 GC heap before
{Heap before GC invocations=14 (full 1):
 PSYoungGen      total 153088K, used 153056K [0x00000000f0000000, 0x00000000fb080000, 0x0000000100000000)
  eden space 139776K, 100% used [0x00000000f0000000,0x00000000f8880000,0x00000000f8880000)
  from space 13312K, 99% used [0x00000000f9880000,0x00000000fa578030,0x00000000fa580000)
  to   space 16384K, 0% used [0x00000000f8880000,0x00000000f8880000,0x00000000f9880000)
 ParOldGen       total 48640K, used 32234K [0x00000000d0000000, 0x00000000d2f80000, 0x00000000f0000000)
  object space 48640K, 66% used [0x00000000d0000000,0x00000000d1f7a9c8,0x00000000d2f80000)
 Metaspace       used 31836K, capacity 33488K, committed 33536K, reserved 1079296K
  class space    used 3828K, capacity 4348K, committed 4352K, reserved 1048576K
Event: 14.232 GC heap after
Heap after GC invocations=14 (full 1):
 PSYoungGen      total 156160K, used 16355K [0x00000000f0000000, 0x00000000fe100000, 0x0000000100000000)
  eden space 139776K, 0% used [0x00000000f0000000,0x00000000f0000000,0x00000000f8880000)
  from space 16384K, 99% used [0x00000000f8880000,0x00000000f9878ea0,0x00000000f9880000)
  to   space 24064K, 0% used [0x00000000fc980000,0x00000000fc980000,0x00000000fe100000)
 ParOldGen       total 48640K, used 47291K [0x00000000d0000000, 0x00000000d2f80000, 0x00000000f0000000)
  object space 48640K, 97% used [0x00000000d0000000,0x00000000d2e2edf8,0x00000000d2f80000)
 Metaspace       used 31836K, capacity 33488K, committed 33536K, reserved 1079296K
  class space    used 3828K, capacity 4348K, committed 4352K, reserved 1048576K
}
Event: 14.232 GC heap before
{Heap before GC invocations=15 (full 2):
 PSYoungGen      total 156160K, used 16355K [0x00000000f0000000, 0x00000000fe100000, 0x0000000100000000)
  eden space 139776K, 0% used [0x00000000f0000000,0x00000000f0000000,0x00000000f8880000)
  from space 16384K, 99% used [0x00000000f8880000,0x00000000f9878ea0,0x00000000f9880000)
  to   space 24064K, 0% used [0x00000000fc980000,0x00000000fc980000,0x00000000fe100000)
 ParOldGen       total 48640K, used 47291K [0x00000000d0000000, 0x00000000d2f80000, 0x00000000f0000000)
  object space 48640K, 97% used [0x00000000d0000000,0x00000000d2e2edf8,0x00000000d2f80000)
 Metaspace       used 31836K, capacity 33488K, committed 33536K, reserved 1079296K
  class space    used 3828K, capacity 4348K, committed 4352K, reserved 1048576K
Event: 14.536 GC heap after
Heap after GC invocations=15 (full 2):
 PSYoungGen      total 156160K, used 0K [0x00000000f0000000, 0x00000000fe100000, 0x0000000100000000)
  eden space 139776K, 0% used [0x00000000f0000000,0x00000000f0000000,0x00000000f8880000)
  from space 16384K, 0% used [0x00000000f8880000,0x00000000f8880000,0x00000000f9880000)
  to   space 24064K, 0% used [0x00000000fc980000,0x00000000fc980000,0x00000000fe100000)
 ParOldGen       total 94720K, used 47056K [0x00000000d0000000, 0x00000000d5c80000, 0x00000000f0000000)
  object space 94720K, 49% used [0x00000000d0000000,0x00000000d2df4370,0x00000000d5c80000)
 Metaspace       used 31836K, capacity 33488K, committed 33536K, reserved 1079296K
  class space    used 3828K, capacity 4348K, committed 4352K, reserved 1048576K
}
Event: 15.741 GC heap before
{Heap before GC invocations=16 (full 2):
 PSYoungGen      total 156160K, used 139776K [0x00000000f0000000, 0x00000000fe100000, 0x0000000100000000)
  eden space 139776K, 100% used [0x00000000f0000000,0x00000000f8880000,0x00000000f8880000)
  from space 16384K, 0% used [0x00000000f8880000,0x00000000f8880000,0x00000000f9880000)
  to   space 24064K, 0% used [0x00000000fc980000,0x00000000fc980000,0x00000000fe100000)
 ParOldGen       total 94720K, used 47056K [0x00000000d0000000, 0x00000000d5c80000, 0x00000000f0000000)
  object space 94720K, 49% used [0x00000000d0000000,0x00000000d2df4370,0x00000000d5c80000)
 Metaspace       used 34370K, capacity 36050K, committed 36224K, reserved 1081344K
  class space    used 4101K, capacity 4647K, committed 4736K, reserved 1048576K
Event: 15.795 GC heap after
Heap after GC invocations=16 (full 2):
 PSYoungGen      total 207360K, used 7930K [0x00000000f0000000, 0x00000000fe200000, 0x0000000100000000)
  eden space 183296K, 0% used [0x00000000f0000000,0x00000000f0000000,0x00000000fb300000)
  from space 24064K, 32% used [0x00000000fc980000,0x00000000fd13e8e0,0x00000000fe100000)
  to   space 23040K, 0% used [0x00000000fb300000,0x00000000fb300000,0x00000000fc980000)
 ParOldGen       total 94720K, used 47064K [0x00000000d0000000, 0x00000000d5c80000, 0x00000000f0000000)
  object space 94720K, 49% used [0x00000000d0000000,0x00000000d2df6370,0x00000000d5c80000)
 Metaspace       used 34370K, capacity 36050K, committed 36224K, reserved 1081344K
  class space    used 4101K, capacity 4647K, committed 4736K, reserved 1048576K
}
Event: 18.494 GC heap before
{Heap before GC invocations=17 (full 2):
 PSYoungGen      total 207360K, used 191226K [0x00000000f0000000, 0x00000000fe200000, 0x0000000100000000)
  eden space 183296K, 100% used [0x00000000f0000000,0x00000000fb300000,0x00000000fb300000)
  from space 24064K, 32% used [0x00000000fc980000,0x00000000fd13e8e0,0x00000000fe100000)
  to   space 23040K, 0% used [0x00000000fb300000,0x00000000fb300000,0x00000000fc980000)
 ParOldGen       total 94720K, used 47064K [0x00000000d0000000, 0x00000000d5c80000, 0x00000000f0000000)
  object space 94720K, 49% used [0x00000000d0000000,0x00000000d2df6370,0x00000000d5c80000)
 Metaspace       used 38115K, capacity 40038K, committed 40192K, reserved 1083392K
  class space    used 4648K, capacity 5273K, committed 5376K, reserved 1048576K

