# JRE version: Java(TM) SE Runtime Environment (8.0_111-b14) (build 1.8.0_111-b14)
# Java VM: Java HotSpot(TM) 64-Bit Server VM (25.111-b14 mixed mode linux-amd64 compressed oops)
Heap:
 PSYoungGen      total 206336K, used 8136K [0x00000000f0000000, 0x0000000100000000, 0x0000000100000000)
  eden space 153088K, 0% used [0x00000000f0000000,0x00000000f0000000,0x00000000f9580000)
  from space 53248K, 15% used [0x00000000fc880000,0x00000000fd0721e8,0x00000000ffc80000)
  to   space 52224K, 0% used [0x00000000f9580000,0x00000000f9580000,0x00000000fc880000)
 ParOldGen       total 133632K, used 133367K [0x00000000d0000000, 0x00000000d8280000, 0x00000000f0000000)
  object space 133632K, 99% used [0x00000000d0000000,0x00000000d823dce0,0x00000000d8280000)
 Metaspace       used 79035K, capacity 83170K, committed 83544K, reserved 1122304K
  class space    used 9448K, capacity 10528K, committed 10624K, reserved 1048576K
GC Heap History (10 events):
Event: 517.081 GC heap after
Heap after GC invocations=37 (full 3):
 PSYoungGen      total 206336K, used 36270K [0x00000000f0000000, 0x0000000100000000, 0x0000000100000000)
  eden space 152576K, 0% used [0x00000000f0000000,0x00000000f0000000,0x00000000f9500000)
  from space 53760K, 67% used [0x00000000fcb80000,0x00000000feeebbc0,0x0000000100000000)
  to   space 54784K, 0% used [0x00000000f9500000,0x00000000f9500000,0x00000000fca80000)
 ParOldGen       total 133632K, used 102045K [0x00000000d0000000, 0x00000000d8280000, 0x00000000f0000000)
  object space 133632K, 76% used [0x00000000d0000000,0x00000000d63a7740,0x00000000d8280000)
 Metaspace       used 77974K, capacity 82116K, committed 82264K, reserved 1122304K
  class space    used 9233K, capacity 10295K, committed 10368K, reserved 1048576K
}
Event: 679.830 GC heap before
{Heap before GC invocations=38 (full 3):
 PSYoungGen      total 206336K, used 188810K [0x00000000f0000000, 0x0000000100000000, 0x0000000100000000)
  eden space 152576K, 99% used [0x00000000f0000000,0x00000000f94f7020,0x00000000f9500000)
  from space 53760K, 67% used [0x00000000fcb80000,0x00000000feeebbc0,0x0000000100000000)
  to   space 54784K, 0% used [0x00000000f9500000,0x00000000f9500000,0x00000000fca80000)
 ParOldGen       total 133632K, used 102045K [0x00000000d0000000, 0x00000000d8280000, 0x00000000f0000000)
  object space 133632K, 76% used [0x00000000d0000000,0x00000000d63a7740,0x00000000d8280000)
 Metaspace       used 78236K, capacity 82444K, committed 82520K, reserved 1122304K
  class space    used 9255K, capacity 10337K, committed 10368K, reserved 1048576K
Event: 679.921 GC heap after
Heap after GC invocations=38 (full 3):
 PSYoungGen      total 190464K, used 37561K [0x00000000f0000000, 0x0000000100000000, 0x0000000100000000)
  eden space 152576K, 0% used [0x00000000f0000000,0x00000000f0000000,0x00000000f9500000)
  from space 37888K, 99% used [0x00000000f9500000,0x00000000fb9ae710,0x00000000fba00000)
  to   space 55296K, 0% used [0x00000000fca00000,0x00000000fca00000,0x0000000100000000)
 ParOldGen       total 133632K, used 102053K [0x00000000d0000000, 0x00000000d8280000, 0x00000000f0000000)
  object space 133632K, 76% used [0x00000000d0000000,0x00000000d63a9740,0x00000000d8280000)
 Metaspace       used 78236K, capacity 82444K, committed 82520K, reserved 1122304K
  class space    used 9255K, capacity 10337K, committed 10368K, reserved 1048576K
}
Event: 680.646 GC heap before
{Heap before GC invocations=39 (full 3):
 PSYoungGen      total 190464K, used 190137K [0x00000000f0000000, 0x0000000100000000, 0x0000000100000000)
  eden space 152576K, 100% used [0x00000000f0000000,0x00000000f9500000,0x00000000f9500000)
  from space 37888K, 99% used [0x00000000f9500000,0x00000000fb9ae710,0x00000000fba00000)
  to   space 55296K, 0% used [0x00000000fca00000,0x00000000fca00000,0x0000000100000000)
 ParOldGen       total 133632K, used 102053K [0x00000000d0000000, 0x00000000d8280000, 0x00000000f0000000)
  object space 133632K, 76% used [0x00000000d0000000,0x00000000d63a9740,0x00000000d8280000)
 Metaspace       used 78796K, capacity 83000K, committed 83288K, reserved 1122304K
  class space    used 9406K, capacity 10505K, committed 10624K, reserved 1048576K
Event: 680.803 GC heap after
Heap after GC invocations=39 (full 3):
 PSYoungGen      total 207360K, used 34016K [0x00000000f0000000, 0x0000000100000000, 0x0000000100000000)
  eden space 152064K, 0% used [0x00000000f0000000,0x00000000f0000000,0x00000000f9480000)
  from space 55296K, 61% used [0x00000000fca00000,0x00000000feb382a0,0x0000000100000000)
  to   space 54784K, 0% used [0x00000000f9480000,0x00000000f9480000,0x00000000fca00000)
 ParOldGen       total 133632K, used 107435K [0x00000000d0000000, 0x00000000d8280000, 0x00000000f0000000)
  object space 133632K, 80% used [0x00000000d0000000,0x00000000d68eadb0,0x00000000d8280000)
 Metaspace       used 78796K, capacity 83000K, committed 83288K, reserved 1122304K
  class space    used 9406K, capacity 10505K, committed 10624K, reserved 1048576K
}
Event: 681.492 GC heap before
{Heap before GC invocations=40 (full 3):
 PSYoungGen      total 207360K, used 186080K [0x00000000f0000000, 0x0000000100000000, 0x0000000100000000)
  eden space 152064K, 100% used [0x00000000f0000000,0x00000000f9480000,0x00000000f9480000)
  from space 55296K, 61% used [0x00000000fca00000,0x00000000feb382a0,0x0000000100000000)
  to   space 54784K, 0% used [0x00000000f9480000,0x00000000f9480000,0x00000000fca00000)
 ParOldGen       total 133632K, used 107435K [0x00000000d0000000, 0x00000000d8280000, 0x00000000f0000000)
  object space 133632K, 80% used [0x00000000d0000000,0x00000000d68eadb0,0x00000000d8280000)
 Metaspace       used 79000K, capacity 83224K, committed 83544K, reserved 1122304K
  class space    used 9453K, capacity 10537K, committed 10624K, reserved 1048576K
Event: 681.561 GC heap after
Heap after GC invocations=40 (full 3):
 PSYoungGen      total 176128K, used 23636K [0x00000000f0000000, 0x00000000ffc80000, 0x0000000100000000)
  eden space 152064K, 0% used [0x00000000f0000000,0x00000000f0000000,0x00000000f9480000)
  from space 24064K, 98% used [0x00000000f9480000,0x00000000fab95020,0x00000000fac00000)
  to   space 53248K, 0% used [0x00000000fc880000,0x00000000fc880000,0x00000000ffc80000)
 ParOldGen       total 133632K, used 119409K [0x00000000d0000000, 0x00000000d8280000, 0x00000000f0000000)
  object space 133632K, 89% used [0x00000000d0000000,0x00000000d749c728,0x00000000d8280000)
 Metaspace       used 79000K, capacity 83224K, committed 83544K, reserved 1122304K
  class space    used 9453K, capacity 10537K, committed 10624K, reserved 1048576K
}
Event: 682.291 GC heap before
{Heap before GC invocations=41 (full 3):
 PSYoungGen      total 176128K, used 175700K [0x00000000f0000000, 0x00000000ffc80000, 0x0000000100000000)
  eden space 152064K, 100% used [0x00000000f0000000,0x00000000f9480000,0x00000000f9480000)
  from space 24064K, 98% used [0x00000000f9480000,0x00000000fab95020,0x00000000fac00000)
  to   space 53248K, 0% used [0x00000000fc880000,0x00000000fc880000,0x00000000ffc80000)
 ParOldGen       total 133632K, used 119409K [0x00000000d0000000, 0x00000000d8280000, 0x00000000f0000000)
  object space 133632K, 89% used [0x00000000d0000000,0x00000000d749c728,0x00000000d8280000)
 Metaspace       used 79055K, capacity 83224K, committed 83544K, reserved 1122304K
  class space    used 9453K, capacity 10537K, committed 10624K, reserved 1048576K
Event: 682.344 GC heap after
Heap after GC invocations=41 (full 3):
 PSYoungGen      total 206336K, used 21072K [0x00000000f0000000, 0x0000000100000000, 0x0000000100000000)
  eden space 153088K, 0% used [0x00000000f0000000,0x00000000f0000000,0x00000000f9580000)
  from space 53248K, 39% used [0x00000000fc880000,0x00000000fdd14138,0x00000000ffc80000)
  to   space 52224K, 0% used [0x00000000f9580000,0x00000000f9580000,0x00000000fc880000)
 ParOldGen       total 133632K, used 125851K [0x00000000d0000000, 0x00000000d8280000, 0x00000000f0000000)
  object space 133632K, 94% used [0x00000000d0000000,0x00000000d7ae6ce8,0x00000000d8280000)
 Metaspace       used 79055K, capacity 83224K, committed 83544K, reserved 1122304K
  class space    used 9453K, capacity 10537K, committed 10624K, reserved 1048576K
}
Event: 682.344 GC heap before
{Heap before GC invocations=42 (full 4):
 PSYoungGen      total 206336K, used 21072K [0x00000000f0000000, 0x0000000100000000, 0x0000000100000000)
  eden space 153088K, 0% used [0x00000000f0000000,0x00000000f0000000,0x00000000f9580000)
  from space 53248K, 39% used [0x00000000fc880000,0x00000000fdd14138,0x00000000ffc80000)
  to   space 52224K, 0% used [0x00000000f9580000,0x00000000f9580000,0x00000000fc880000)
 ParOldGen       total 133632K, used 125851K [0x00000000d0000000, 0x00000000d8280000, 0x00000000f0000000)
  object space 133632K, 94% used [0x00000000d0000000,0x00000000d7ae6ce8,0x00000000d8280000)
 Metaspace       used 79055K, capacity 83224K, committed 83544K, reserved 1122304K
  class space    used 9453K, capacity 10537K, committed 10624K, reserved 1048576K

