# JRE version: Java(TM) SE Runtime Environment (8.0_111-b14) (build 1.8.0_111-b14)
# Java VM: Java HotSpot(TM) 64-Bit Server VM (25.111-b14 mixed mode linux-amd64 compressed oops)
Heap:
 PSYoungGen      total 228864K, used 2507K [0x00000000f0000000, 0x0000000100000000, 0x0000000100000000)
  eden space 195584K, 0% used [0x00000000f0000000,0x00000000f0000000,0x00000000fbf00000)
  from space 33280K, 7% used [0x00000000fbf00000,0x00000000fc172c68,0x00000000fdf80000)
  to   space 32768K, 0% used [0x00000000fe000000,0x00000000fe000000,0x0000000100000000)
 ParOldGen       total 115712K, used 115326K [0x00000000d0000000, 0x00000000d7100000, 0x00000000f0000000)
  object space 115712K, 99% used [0x00000000d0000000,0x00000000d709fb70,0x00000000d7100000)
 Metaspace       used 72395K, capacity 75058K, committed 75224K, reserved 1116160K
  class space    used 8383K, capacity 9143K, committed 9216K, reserved 1048576K
GC Heap History (10 events):
Event: 27.010 GC heap after
Heap after GC invocations=20 (full 3):
 PSYoungGen      total 243200K, used 18928K [0x00000000f0000000, 0x0000000100000000, 0x0000000100000000)
  eden space 224256K, 0% used [0x00000000f0000000,0x00000000f0000000,0x00000000fdb00000)
  from space 18944K, 99% used [0x00000000fdb00000,0x00000000fed7c010,0x00000000fed80000)
  to   space 18944K, 0% used [0x00000000fed80000,0x00000000fed80000,0x0000000100000000)
 ParOldGen       total 115712K, used 78008K [0x00000000d0000000, 0x00000000d7100000, 0x00000000f0000000)
  object space 115712K, 67% used [0x00000000d0000000,0x00000000d4c2e3e8,0x00000000d7100000)
 Metaspace       used 60346K, capacity 62026K, committed 62168K, reserved 1103872K
  class space    used 6894K, capacity 7378K, committed 7424K, reserved 1048576K
}
Event: 29.061 GC heap before
{Heap before GC invocations=21 (full 3):
 PSYoungGen      total 243200K, used 243184K [0x00000000f0000000, 0x0000000100000000, 0x0000000100000000)
  eden space 224256K, 100% used [0x00000000f0000000,0x00000000fdb00000,0x00000000fdb00000)
  from space 18944K, 99% used [0x00000000fdb00000,0x00000000fed7c010,0x00000000fed80000)
  to   space 18944K, 0% used [0x00000000fed80000,0x00000000fed80000,0x0000000100000000)
 ParOldGen       total 115712K, used 78008K [0x00000000d0000000, 0x00000000d7100000, 0x00000000f0000000)
  object space 115712K, 67% used [0x00000000d0000000,0x00000000d4c2e3e8,0x00000000d7100000)
 Metaspace       used 63412K, capacity 65368K, committed 65624K, reserved 1107968K
  class space    used 7355K, capacity 7940K, committed 8064K, reserved 1048576K
Event: 29.164 GC heap after
Heap after GC invocations=21 (full 3):
 PSYoungGen      total 228864K, used 18186K [0x00000000f0000000, 0x0000000100000000, 0x0000000100000000)
  eden space 209920K, 0% used [0x00000000f0000000,0x00000000f0000000,0x00000000fcd00000)
  from space 18944K, 96% used [0x00000000fed80000,0x00000000fff42ab0,0x0000000100000000)
  to   space 26112K, 0% used [0x00000000fcd00000,0x00000000fcd00000,0x00000000fe680000)
 ParOldGen       total 115712K, used 89640K [0x00000000d0000000, 0x00000000d7100000, 0x00000000f0000000)
  object space 115712K, 77% used [0x00000000d0000000,0x00000000d578a008,0x00000000d7100000)
 Metaspace       used 63412K, capacity 65368K, committed 65624K, reserved 1107968K
  class space    used 7355K, capacity 7940K, committed 8064K, reserved 1048576K
}
Event: 32.128 GC heap before
{Heap before GC invocations=22 (full 3):
 PSYoungGen      total 228864K, used 228106K [0x00000000f0000000, 0x0000000100000000, 0x0000000100000000)
  eden space 209920K, 100% used [0x00000000f0000000,0x00000000fcd00000,0x00000000fcd00000)
  from space 18944K, 96% used [0x00000000fed80000,0x00000000fff42ab0,0x0000000100000000)
  to   space 26112K, 0% used [0x00000000fcd00000,0x00000000fcd00000,0x00000000fe680000)
 ParOldGen       total 115712K, used 89640K [0x00000000d0000000, 0x00000000d7100000, 0x00000000f0000000)
  object space 115712K, 77% used [0x00000000d0000000,0x00000000d578a008,0x00000000d7100000)
 Metaspace       used 66999K, capacity 69296K, committed 69592K, reserved 1110016K
  class space    used 7700K, capacity 8362K, committed 8448K, reserved 1048576K
Event: 32.185 GC heap after
Heap after GC invocations=22 (full 3):
 PSYoungGen      total 231936K, used 21805K [0x00000000f0000000, 0x0000000100000000, 0x0000000100000000)
  eden space 209920K, 0% used [0x00000000f0000000,0x00000000f0000000,0x00000000fcd00000)
  from space 22016K, 99% used [0x00000000fcd00000,0x00000000fe24b420,0x00000000fe280000)
  to   space 28160K, 0% used [0x00000000fe480000,0x00000000fe480000,0x0000000100000000)
 ParOldGen       total 115712K, used 89648K [0x00000000d0000000, 0x00000000d7100000, 0x00000000f0000000)
  object space 115712K, 77% used [0x00000000d0000000,0x00000000d578c008,0x00000000d7100000)
 Metaspace       used 66999K, capacity 69296K, committed 69592K, reserved 1110016K
  class space    used 7700K, capacity 8362K, committed 8448K, reserved 1048576K
}
Event: 65.411 GC heap before
{Heap before GC invocations=23 (full 3):
 PSYoungGen      total 231936K, used 231725K [0x00000000f0000000, 0x0000000100000000, 0x0000000100000000)
  eden space 209920K, 100% used [0x00000000f0000000,0x00000000fcd00000,0x00000000fcd00000)
  from space 22016K, 99% used [0x00000000fcd00000,0x00000000fe24b420,0x00000000fe280000)
  to   space 28160K, 0% used [0x00000000fe480000,0x00000000fe480000,0x0000000100000000)
 ParOldGen       total 115712K, used 89648K [0x00000000d0000000, 0x00000000d7100000, 0x00000000f0000000)
  object space 115712K, 77% used [0x00000000d0000000,0x00000000d578c008,0x00000000d7100000)
 Metaspace       used 71098K, capacity 73522K, committed 73688K, reserved 1114112K
  class space    used 8227K, capacity 8928K, committed 8960K, reserved 1048576K
Event: 65.483 GC heap after
Heap after GC invocations=23 (full 3):
 PSYoungGen      total 223744K, used 28159K [0x00000000f0000000, 0x0000000100000000, 0x0000000100000000)
  eden space 195584K, 0% used [0x00000000f0000000,0x00000000f0000000,0x00000000fbf00000)
  from space 28160K, 99% used [0x00000000fe480000,0x00000000fffffdd0,0x0000000100000000)
  to   space 33280K, 0% used [0x00000000fbf00000,0x00000000fbf00000,0x00000000fdf80000)
 ParOldGen       total 115712K, used 92262K [0x00000000d0000000, 0x00000000d7100000, 0x00000000f0000000)
  object space 115712K, 79% used [0x00000000d0000000,0x00000000d5a19b50,0x00000000d7100000)
 Metaspace       used 71098K, capacity 73522K, committed 73688K, reserved 1114112K
  class space    used 8227K, capacity 8928K, committed 8960K, reserved 1048576K
}
Event: 70.385 GC heap before
{Heap before GC invocations=24 (full 3):
 PSYoungGen      total 223744K, used 223743K [0x00000000f0000000, 0x0000000100000000, 0x0000000100000000)
  eden space 195584K, 100% used [0x00000000f0000000,0x00000000fbf00000,0x00000000fbf00000)
  from space 28160K, 99% used [0x00000000fe480000,0x00000000fffffdd0,0x0000000100000000)
  to   space 33280K, 0% used [0x00000000fbf00000,0x00000000fbf00000,0x00000000fdf80000)
 ParOldGen       total 115712K, used 92262K [0x00000000d0000000, 0x00000000d7100000, 0x00000000f0000000)
  object space 115712K, 79% used [0x00000000d0000000,0x00000000d5a19b50,0x00000000d7100000)
 Metaspace       used 72395K, capacity 75058K, committed 75224K, reserved 1116160K
  class space    used 8383K, capacity 9143K, committed 9216K, reserved 1048576K
Event: 70.490 GC heap after
Heap after GC invocations=24 (full 3):
 PSYoungGen      total 228864K, used 17931K [0x00000000f0000000, 0x0000000100000000, 0x0000000100000000)
  eden space 195584K, 0% used [0x00000000f0000000,0x00000000f0000000,0x00000000fbf00000)
  from space 33280K, 53% used [0x00000000fbf00000,0x00000000fd082fb0,0x00000000fdf80000)
  to   space 32768K, 0% used [0x00000000fe000000,0x00000000fe000000,0x0000000100000000)
 ParOldGen       total 115712K, used 107353K [0x00000000d0000000, 0x00000000d7100000, 0x00000000f0000000)
  object space 115712K, 92% used [0x00000000d0000000,0x00000000d68d64d0,0x00000000d7100000)
 Metaspace       used 72395K, capacity 75058K, committed 75224K, reserved 1116160K
  class space    used 8383K, capacity 9143K, committed 9216K, reserved 1048576K
}
Event: 70.493 GC heap before
{Heap before GC invocations=25 (full 4):
 PSYoungGen      total 228864K, used 17931K [0x00000000f0000000, 0x0000000100000000, 0x0000000100000000)
  eden space 195584K, 0% used [0x00000000f0000000,0x00000000f0000000,0x00000000fbf00000)
  from space 33280K, 53% used [0x00000000fbf00000,0x00000000fd082fb0,0x00000000fdf80000)
  to   space 32768K, 0% used [0x00000000fe000000,0x00000000fe000000,0x0000000100000000)
 ParOldGen       total 115712K, used 107353K [0x00000000d0000000, 0x00000000d7100000, 0x00000000f0000000)
  object space 115712K, 92% used [0x00000000d0000000,0x00000000d68d64d0,0x00000000d7100000)
 Metaspace       used 72395K, capacity 75058K, committed 75224K, reserved 1116160K
  class space    used 8383K, capacity 9143K, committed 9216K, reserved 1048576K

