# JRE version: Java(TM) SE Runtime Environment (8.0_111-b14) (build 1.8.0_111-b14)
# Java VM: Java HotSpot(TM) 64-Bit Server VM (25.111-b14 mixed mode linux-amd64 compressed oops)
Heap:
 PSYoungGen      total 184320K, used 18931K [0x00000000f0000000, 0x00000000fca00000, 0x0000000100000000)
  eden space 165376K, 0% used [0x00000000f0000000,0x00000000f0000000,0x00000000fa180000)
  from space 18944K, 99% used [0x00000000fa180000,0x00000000fb3fcf98,0x00000000fb400000)
  to   space 14848K, 0% used [0x00000000fb400000,0x00000000fb400000,0x00000000fc280000)
 ParOldGen       total 51200K, used 45449K [0x00000000d0000000, 0x00000000d3200000, 0x00000000f0000000)
  object space 51200K, 88% used [0x00000000d0000000,0x00000000d2c62570,0x00000000d3200000)
 Metaspace       used 33197K, capacity 34894K, committed 35072K, reserved 1079296K
  class space    used 3956K, capacity 4488K, committed 4608K, reserved 1048576K
GC Heap History (10 events):
Event: 12.449 GC heap after
Heap after GC invocations=7 (full 1):
 PSYoungGen      total 97792K, used 3568K [0x00000000f0000000, 0x00000000f8d00000, 0x0000000100000000)
  eden space 94208K, 0% used [0x00000000f0000000,0x00000000f0000000,0x00000000f5c00000)
  from space 3584K, 99% used [0x00000000f8980000,0x00000000f8cfc010,0x00000000f8d00000)
  to   space 10240K, 0% used [0x00000000f7900000,0x00000000f7900000,0x00000000f8300000)
 ParOldGen       total 51200K, used 18712K [0x00000000d0000000, 0x00000000d3200000, 0x00000000f0000000)
  object space 51200K, 36% used [0x00000000d0000000,0x00000000d1246300,0x00000000d3200000)
 Metaspace       used 21600K, capacity 22050K, committed 22400K, reserved 1069056K
  class space    used 2479K, capacity 2586K, committed 2688K, reserved 1048576K
}
Event: 13.997 GC heap before
{Heap before GC invocations=8 (full 1):
 PSYoungGen      total 97792K, used 97776K [0x00000000f0000000, 0x00000000f8d00000, 0x0000000100000000)
  eden space 94208K, 100% used [0x00000000f0000000,0x00000000f5c00000,0x00000000f5c00000)
  from space 3584K, 99% used [0x00000000f8980000,0x00000000f8cfc010,0x00000000f8d00000)
  to   space 10240K, 0% used [0x00000000f7900000,0x00000000f7900000,0x00000000f8300000)
 ParOldGen       total 51200K, used 18712K [0x00000000d0000000, 0x00000000d3200000, 0x00000000f0000000)
  object space 51200K, 36% used [0x00000000d0000000,0x00000000d1246300,0x00000000d3200000)
 Metaspace       used 21979K, capacity 22452K, committed 22656K, reserved 1069056K
  class space    used 2484K, capacity 2589K, committed 2688K, reserved 1048576K
Event: 14.039 GC heap after
Heap after GC invocations=8 (full 1):
 PSYoungGen      total 134144K, used 4704K [0x00000000f0000000, 0x00000000f9800000, 0x0000000100000000)
  eden space 123904K, 0% used [0x00000000f0000000,0x00000000f0000000,0x00000000f7900000)
  from space 10240K, 45% used [0x00000000f7900000,0x00000000f7d98000,0x00000000f8300000)
  to   space 9728K, 0% used [0x00000000f8e80000,0x00000000f8e80000,0x00000000f9800000)
 ParOldGen       total 51200K, used 18720K [0x00000000d0000000, 0x00000000d3200000, 0x00000000f0000000)
  object space 51200K, 36% used [0x00000000d0000000,0x00000000d1248300,0x00000000d3200000)
 Metaspace       used 21979K, capacity 22452K, committed 22656K, reserved 1069056K
  class space    used 2484K, capacity 2589K, committed 2688K, reserved 1048576K
}
Event: 17.919 GC heap before
{Heap before GC invocations=9 (full 1):
 PSYoungGen      total 134144K, used 128608K [0x00000000f0000000, 0x00000000f9800000, 0x0000000100000000)
  eden space 123904K, 100% used [0x00000000f0000000,0x00000000f7900000,0x00000000f7900000)
  from space 10240K, 45% used [0x00000000f7900000,0x00000000f7d98000,0x00000000f8300000)
  to   space 9728K, 0% used [0x00000000f8e80000,0x00000000f8e80000,0x00000000f9800000)
 ParOldGen       total 51200K, used 18720K [0x00000000d0000000, 0x00000000d3200000, 0x00000000f0000000)
  object space 51200K, 36% used [0x00000000d0000000,0x00000000d1248300,0x00000000d3200000)
 Metaspace       used 25373K, capacity 25972K, committed 26112K, reserved 1073152K
  class space    used 2885K, capacity 3009K, committed 3072K, reserved 1048576K
Event: 18.028 GC heap after
Heap after GC invocations=9 (full 1):
 PSYoungGen      total 143872K, used 9700K [0x00000000f0000000, 0x00000000fc700000, 0x0000000100000000)
  eden space 134144K, 0% used [0x00000000f0000000,0x00000000f0000000,0x00000000f8300000)
  from space 9728K, 99% used [0x00000000f8e80000,0x00000000f97f92d8,0x00000000f9800000)
  to   space 11776K, 0% used [0x00000000f8300000,0x00000000f8300000,0x00000000f8e80000)
 ParOldGen       total 51200K, used 20682K [0x00000000d0000000, 0x00000000d3200000, 0x00000000f0000000)
  object space 51200K, 40% used [0x00000000d0000000,0x00000000d1432800,0x00000000d3200000)
 Metaspace       used 25373K, capacity 25972K, committed 26112K, reserved 1073152K
  class space    used 2885K, capacity 3009K, committed 3072K, reserved 1048576K
}
Event: 22.810 GC heap before
{Heap before GC invocations=10 (full 1):
 PSYoungGen      total 143872K, used 143844K [0x00000000f0000000, 0x00000000fc700000, 0x0000000100000000)
  eden space 134144K, 100% used [0x00000000f0000000,0x00000000f8300000,0x00000000f8300000)
  from space 9728K, 99% used [0x00000000f8e80000,0x00000000f97f92d8,0x00000000f9800000)
  to   space 11776K, 0% used [0x00000000f8300000,0x00000000f8300000,0x00000000f8e80000)
 ParOldGen       total 51200K, used 20682K [0x00000000d0000000, 0x00000000d3200000, 0x00000000f0000000)
  object space 51200K, 40% used [0x00000000d0000000,0x00000000d1432800,0x00000000d3200000)
 Metaspace       used 27824K, capacity 29114K, committed 29312K, reserved 1075200K
  class space    used 3239K, capacity 3663K, committed 3712K, reserved 1048576K
Event: 22.896 GC heap after
Heap after GC invocations=10 (full 1):
 PSYoungGen      total 145920K, used 11760K [0x00000000f0000000, 0x00000000fc280000, 0x0000000100000000)
  eden space 134144K, 0% used [0x00000000f0000000,0x00000000f0000000,0x00000000f8300000)
  from space 11776K, 99% used [0x00000000f8300000,0x00000000f8e7c128,0x00000000f8e80000)
  to   space 14848K, 0% used [0x00000000fb400000,0x00000000fb400000,0x00000000fc280000)
 ParOldGen       total 51200K, used 23754K [0x00000000d0000000, 0x00000000d3200000, 0x00000000f0000000)
  object space 51200K, 46% used [0x00000000d0000000,0x00000000d1732978,0x00000000d3200000)
 Metaspace       used 27824K, capacity 29114K, committed 29312K, reserved 1075200K
  class space    used 3239K, capacity 3663K, committed 3712K, reserved 1048576K
}
Event: 28.252 GC heap before
{Heap before GC invocations=11 (full 1):
 PSYoungGen      total 145920K, used 145904K [0x00000000f0000000, 0x00000000fc280000, 0x0000000100000000)
  eden space 134144K, 100% used [0x00000000f0000000,0x00000000f8300000,0x00000000f8300000)
  from space 11776K, 99% used [0x00000000f8300000,0x00000000f8e7c128,0x00000000f8e80000)
  to   space 14848K, 0% used [0x00000000fb400000,0x00000000fb400000,0x00000000fc280000)
 ParOldGen       total 51200K, used 23754K [0x00000000d0000000, 0x00000000d3200000, 0x00000000f0000000)
  object space 51200K, 46% used [0x00000000d0000000,0x00000000d1732978,0x00000000d3200000)
 Metaspace       used 30719K, capacity 32166K, committed 32384K, reserved 1077248K
  class space    used 3635K, capacity 4099K, committed 4224K, reserved 1048576K
Event: 28.362 GC heap after
Heap after GC invocations=11 (full 1):
 PSYoungGen      total 180224K, used 14816K [0x00000000f0000000, 0x00000000fca00000, 0x0000000100000000)
  eden space 165376K, 0% used [0x00000000f0000000,0x00000000f0000000,0x00000000fa180000)
  from space 14848K, 99% used [0x00000000fb400000,0x00000000fc278158,0x00000000fc280000)
  to   space 18944K, 0% used [0x00000000fa180000,0x00000000fa180000,0x00000000fb400000)
 ParOldGen       total 51200K, used 28888K [0x00000000d0000000, 0x00000000d3200000, 0x00000000f0000000)
  object space 51200K, 56% used [0x00000000d0000000,0x00000000d1c362f0,0x00000000d3200000)
 Metaspace       used 30719K, capacity 32166K, committed 32384K, reserved 1077248K
  class space    used 3635K, capacity 4099K, committed 4224K, reserved 1048576K
}
Event: 32.475 GC heap before
{Heap before GC invocations=12 (full 1):
 PSYoungGen      total 180224K, used 180192K [0x00000000f0000000, 0x00000000fca00000, 0x0000000100000000)
  eden space 165376K, 100% used [0x00000000f0000000,0x00000000fa180000,0x00000000fa180000)
  from space 14848K, 99% used [0x00000000fb400000,0x00000000fc278158,0x00000000fc280000)
  to   space 18944K, 0% used [0x00000000fa180000,0x00000000fa180000,0x00000000fb400000)
 ParOldGen       total 51200K, used 28888K [0x00000000d0000000, 0x00000000d3200000, 0x00000000f0000000)
  object space 51200K, 56% used [0x00000000d0000000,0x00000000d1c362f0,0x00000000d3200000)
 Metaspace       used 33197K, capacity 34894K, committed 35072K, reserved 1079296K
  class space    used 3956K, capacity 4488K, committed 4608K, reserved 1048576K

