# JRE version: Java(TM) SE Runtime Environment (8.0_111-b14) (build 1.8.0_111-b14)
# Java VM: Java HotSpot(TM) 64-Bit Server VM (25.111-b14 mixed mode linux-amd64 compressed oops)
Heap:
 PSYoungGen      total 199168K, used 19427K [0x00000000f0000000, 0x00000000fdd80000, 0x0000000100000000)
  eden space 179712K, 0% used [0x00000000f0000000,0x00000000f0000000,0x00000000faf80000)
  from space 19456K, 99% used [0x00000000faf80000,0x00000000fc278f88,0x00000000fc280000)
  to   space 14848K, 0% used [0x00000000fc280000,0x00000000fc280000,0x00000000fd100000)
 ParOldGen       total 50688K, used 46251K [0x00000000d0000000, 0x00000000d3180000, 0x00000000f0000000)
  object space 50688K, 91% used [0x00000000d0000000,0x00000000d2d2ac20,0x00000000d3180000)
 Metaspace       used 33188K, capacity 34854K, committed 35072K, reserved 1079296K
  class space    used 3968K, capacity 4483K, committed 4608K, reserved 1048576K
GC Heap History (10 events):
Event: 4.901 GC heap after
Heap after GC invocations=7 (full 1):
 PSYoungGen      total 102912K, used 4544K [0x00000000f0000000, 0x00000000f8e00000, 0x0000000100000000)
  eden space 98304K, 0% used [0x00000000f0000000,0x00000000f0000000,0x00000000f6000000)
  from space 4608K, 98% used [0x00000000f8980000,0x00000000f8df0000,0x00000000f8e00000)
  to   space 9728K, 0% used [0x00000000f7b00000,0x00000000f7b00000,0x00000000f8480000)
 ParOldGen       total 50688K, used 18627K [0x00000000d0000000, 0x00000000d3180000, 0x00000000f0000000)
  object space 50688K, 36% used [0x00000000d0000000,0x00000000d1230c88,0x00000000d3180000)
 Metaspace       used 21539K, capacity 22050K, committed 22400K, reserved 1069056K
  class space    used 2475K, capacity 2586K, committed 2688K, reserved 1048576K
}
Event: 5.895 GC heap before
{Heap before GC invocations=8 (full 1):
 PSYoungGen      total 102912K, used 102848K [0x00000000f0000000, 0x00000000f8e00000, 0x0000000100000000)
  eden space 98304K, 100% used [0x00000000f0000000,0x00000000f6000000,0x00000000f6000000)
  from space 4608K, 98% used [0x00000000f8980000,0x00000000f8df0000,0x00000000f8e00000)
  to   space 9728K, 0% used [0x00000000f7b00000,0x00000000f7b00000,0x00000000f8480000)
 ParOldGen       total 50688K, used 18627K [0x00000000d0000000, 0x00000000d3180000, 0x00000000f0000000)
  object space 50688K, 36% used [0x00000000d0000000,0x00000000d1230c88,0x00000000d3180000)
 Metaspace       used 21992K, capacity 22452K, committed 22656K, reserved 1069056K
  class space    used 2480K, capacity 2589K, committed 2688K, reserved 1048576K
Event: 5.909 GC heap after
Heap after GC invocations=8 (full 1):
 PSYoungGen      total 135680K, used 4896K [0x00000000f0000000, 0x00000000f9f80000, 0x0000000100000000)
  eden space 125952K, 0% used [0x00000000f0000000,0x00000000f0000000,0x00000000f7b00000)
  from space 9728K, 50% used [0x00000000f7b00000,0x00000000f7fc8000,0x00000000f8480000)
  to   space 9728K, 0% used [0x00000000f9600000,0x00000000f9600000,0x00000000f9f80000)
 ParOldGen       total 50688K, used 18635K [0x00000000d0000000, 0x00000000d3180000, 0x00000000f0000000)
  object space 50688K, 36% used [0x00000000d0000000,0x00000000d1232c88,0x00000000d3180000)
 Metaspace       used 21992K, capacity 22452K, committed 22656K, reserved 1069056K
  class space    used 2480K, capacity 2589K, committed 2688K, reserved 1048576K
}
Event: 7.325 GC heap before
{Heap before GC invocations=9 (full 1):
 PSYoungGen      total 135680K, used 130848K [0x00000000f0000000, 0x00000000f9f80000, 0x0000000100000000)
  eden space 125952K, 100% used [0x00000000f0000000,0x00000000f7b00000,0x00000000f7b00000)
  from space 9728K, 50% used [0x00000000f7b00000,0x00000000f7fc8000,0x00000000f8480000)
  to   space 9728K, 0% used [0x00000000f9600000,0x00000000f9600000,0x00000000f9f80000)
 ParOldGen       total 50688K, used 18635K [0x00000000d0000000, 0x00000000d3180000, 0x00000000f0000000)
  object space 50688K, 36% used [0x00000000d0000000,0x00000000d1232c88,0x00000000d3180000)
 Metaspace       used 25389K, capacity 25914K, committed 26112K, reserved 1073152K
  class space    used 2889K, capacity 3011K, committed 3072K, reserved 1048576K
Event: 7.363 GC heap after
Heap after GC invocations=9 (full 1):
 PSYoungGen      total 151552K, used 9724K [0x00000000f0000000, 0x00000000fcb00000, 0x0000000100000000)
  eden space 141824K, 0% used [0x00000000f0000000,0x00000000f0000000,0x00000000f8a80000)
  from space 9728K, 99% used [0x00000000f9600000,0x00000000f9f7f2a0,0x00000000f9f80000)
  to   space 11776K, 0% used [0x00000000f8a80000,0x00000000f8a80000,0x00000000f9600000)
 ParOldGen       total 50688K, used 20768K [0x00000000d0000000, 0x00000000d3180000, 0x00000000f0000000)
  object space 50688K, 40% used [0x00000000d0000000,0x00000000d1448270,0x00000000d3180000)
 Metaspace       used 25389K, capacity 25914K, committed 26112K, reserved 1073152K
  class space    used 2889K, capacity 3011K, committed 3072K, reserved 1048576K
}
Event: 9.023 GC heap before
{Heap before GC invocations=10 (full 1):
 PSYoungGen      total 151552K, used 151548K [0x00000000f0000000, 0x00000000fcb00000, 0x0000000100000000)
  eden space 141824K, 100% used [0x00000000f0000000,0x00000000f8a80000,0x00000000f8a80000)
  from space 9728K, 99% used [0x00000000f9600000,0x00000000f9f7f2a0,0x00000000f9f80000)
  to   space 11776K, 0% used [0x00000000f8a80000,0x00000000f8a80000,0x00000000f9600000)
 ParOldGen       total 50688K, used 20768K [0x00000000d0000000, 0x00000000d3180000, 0x00000000f0000000)
  object space 50688K, 40% used [0x00000000d0000000,0x00000000d1448270,0x00000000d3180000)
 Metaspace       used 27874K, capacity 29220K, committed 29312K, reserved 1075200K
  class space    used 3258K, capacity 3676K, committed 3712K, reserved 1048576K
Event: 9.090 GC heap after
Heap after GC invocations=10 (full 1):
 PSYoungGen      total 153600K, used 11760K [0x00000000f0000000, 0x00000000fd100000, 0x0000000100000000)
  eden space 141824K, 0% used [0x00000000f0000000,0x00000000f0000000,0x00000000f8a80000)
  from space 11776K, 99% used [0x00000000f8a80000,0x00000000f95fc108,0x00000000f9600000)
  to   space 14848K, 0% used [0x00000000fc280000,0x00000000fc280000,0x00000000fd100000)
 ParOldGen       total 50688K, used 24647K [0x00000000d0000000, 0x00000000d3180000, 0x00000000f0000000)
  object space 50688K, 48% used [0x00000000d0000000,0x00000000d1811c08,0x00000000d3180000)
 Metaspace       used 27874K, capacity 29220K, committed 29312K, reserved 1075200K
  class space    used 3258K, capacity 3676K, committed 3712K, reserved 1048576K
}
Event: 10.959 GC heap before
{Heap before GC invocations=11 (full 1):
 PSYoungGen      total 153600K, used 153584K [0x00000000f0000000, 0x00000000fd100000, 0x0000000100000000)
  eden space 141824K, 100% used [0x00000000f0000000,0x00000000f8a80000,0x00000000f8a80000)
  from space 11776K, 99% used [0x00000000f8a80000,0x00000000f95fc108,0x00000000f9600000)
  to   space 14848K, 0% used [0x00000000fc280000,0x00000000fc280000,0x00000000fd100000)
 ParOldGen       total 50688K, used 24647K [0x00000000d0000000, 0x00000000d3180000, 0x00000000f0000000)
  object space 50688K, 48% used [0x00000000d0000000,0x00000000d1811c08,0x00000000d3180000)
 Metaspace       used 30784K, capacity 32272K, committed 32384K, reserved 1077248K
  class space    used 3650K, capacity 4133K, committed 4224K, reserved 1048576K
Event: 11.056 GC heap after
Heap after GC invocations=11 (full 1):
 PSYoungGen      total 194560K, used 14832K [0x00000000f0000000, 0x00000000fdd80000, 0x0000000100000000)
  eden space 179712K, 0% used [0x00000000f0000000,0x00000000f0000000,0x00000000faf80000)
  from space 14848K, 99% used [0x00000000fc280000,0x00000000fd0fc128,0x00000000fd100000)
  to   space 19456K, 0% used [0x00000000faf80000,0x00000000faf80000,0x00000000fc280000)
 ParOldGen       total 50688K, used 30894K [0x00000000d0000000, 0x00000000d3180000, 0x00000000f0000000)
  object space 50688K, 60% used [0x00000000d0000000,0x00000000d1e2b8b8,0x00000000d3180000)
 Metaspace       used 30784K, capacity 32272K, committed 32384K, reserved 1077248K
  class space    used 3650K, capacity 4133K, committed 4224K, reserved 1048576K
}
Event: 13.155 GC heap before
{Heap before GC invocations=12 (full 1):
 PSYoungGen      total 194560K, used 194544K [0x00000000f0000000, 0x00000000fdd80000, 0x0000000100000000)
  eden space 179712K, 100% used [0x00000000f0000000,0x00000000faf80000,0x00000000faf80000)
  from space 14848K, 99% used [0x00000000fc280000,0x00000000fd0fc128,0x00000000fd100000)
  to   space 19456K, 0% used [0x00000000faf80000,0x00000000faf80000,0x00000000fc280000)
 ParOldGen       total 50688K, used 30894K [0x00000000d0000000, 0x00000000d3180000, 0x00000000f0000000)
  object space 50688K, 60% used [0x00000000d0000000,0x00000000d1e2b8b8,0x00000000d3180000)
 Metaspace       used 33188K, capacity 34854K, committed 35072K, reserved 1079296K
  class space    used 3968K, capacity 4483K, committed 4608K, reserved 1048576K

