# JRE version: Java(TM) SE Runtime Environment (8.0_111-b14) (build 1.8.0_111-b14)
# Java VM: Java HotSpot(TM) 64-Bit Server VM (25.111-b14 mixed mode linux-amd64 compressed oops)
Heap:
 PSYoungGen      total 199680K, used 0K [0x00000000f0000000, 0x0000000100000000, 0x0000000100000000)
  eden space 179712K, 0% used [0x00000000f0000000,0x00000000f0000000,0x00000000faf80000)
  from space 19968K, 0% used [0x00000000faf80000,0x00000000faf80000,0x00000000fc300000)
  to   space 28160K, 0% used [0x00000000fe480000,0x00000000fe480000,0x0000000100000000)
 ParOldGen       total 50176K, used 49523K [0x00000000d0000000, 0x00000000d3100000, 0x00000000f0000000)
  object space 50176K, 98% used [0x00000000d0000000,0x00000000d305cd98,0x00000000d3100000)
 Metaspace       used 33219K, capacity 34786K, committed 34944K, reserved 1079296K
  class space    used 3971K, capacity 4480K, committed 4480K, reserved 1048576K
GC Heap History (10 events):
Event: 5.502 GC heap after
Heap after GC invocations=8 (full 1):
 PSYoungGen      total 134144K, used 4864K [0x00000000f0000000, 0x00000000fa200000, 0x0000000100000000)
  eden space 123904K, 0% used [0x00000000f0000000,0x00000000f0000000,0x00000000f7900000)
  from space 10240K, 47% used [0x00000000f7900000,0x00000000f7dc0000,0x00000000f8300000)
  to   space 9728K, 0% used [0x00000000f9880000,0x00000000f9880000,0x00000000fa200000)
 ParOldGen       total 50176K, used 18685K [0x00000000d0000000, 0x00000000d3100000, 0x00000000f0000000)
  object space 50176K, 37% used [0x00000000d0000000,0x00000000d123f5d8,0x00000000d3100000)
 Metaspace       used 21952K, capacity 22452K, committed 22656K, reserved 1069056K
  class space    used 2482K, capacity 2589K, committed 2688K, reserved 1048576K
}
Event: 6.817 GC heap before
{Heap before GC invocations=9 (full 1):
 PSYoungGen      total 134144K, used 128768K [0x00000000f0000000, 0x00000000fa200000, 0x0000000100000000)
  eden space 123904K, 100% used [0x00000000f0000000,0x00000000f7900000,0x00000000f7900000)
  from space 10240K, 47% used [0x00000000f7900000,0x00000000f7dc0000,0x00000000f8300000)
  to   space 9728K, 0% used [0x00000000f9880000,0x00000000f9880000,0x00000000fa200000)
 ParOldGen       total 50176K, used 18685K [0x00000000d0000000, 0x00000000d3100000, 0x00000000f0000000)
  object space 50176K, 37% used [0x00000000d0000000,0x00000000d123f5d8,0x00000000d3100000)
 Metaspace       used 25437K, capacity 25996K, committed 26240K, reserved 1073152K
  class space    used 2907K, capacity 3081K, committed 3200K, reserved 1048576K
Event: 6.862 GC heap after
Heap after GC invocations=9 (full 1):
 PSYoungGen      total 153600K, used 9723K [0x00000000f0000000, 0x00000000fcc80000, 0x0000000100000000)
  eden space 143872K, 0% used [0x00000000f0000000,0x00000000f0000000,0x00000000f8c80000)
  from space 9728K, 99% used [0x00000000f9880000,0x00000000fa1feef8,0x00000000fa200000)
  to   space 12288K, 0% used [0x00000000f8c80000,0x00000000f8c80000,0x00000000f9880000)
 ParOldGen       total 50176K, used 21007K [0x00000000d0000000, 0x00000000d3100000, 0x00000000f0000000)
  object space 50176K, 41% used [0x00000000d0000000,0x00000000d1483ee0,0x00000000d3100000)
 Metaspace       used 25437K, capacity 25996K, committed 26240K, reserved 1073152K
  class space    used 2907K, capacity 3081K, committed 3200K, reserved 1048576K
}
Event: 8.861 GC heap before
{Heap before GC invocations=10 (full 1):
 PSYoungGen      total 153600K, used 153595K [0x00000000f0000000, 0x00000000fcc80000, 0x0000000100000000)
  eden space 143872K, 100% used [0x00000000f0000000,0x00000000f8c80000,0x00000000f8c80000)
  from space 9728K, 99% used [0x00000000f9880000,0x00000000fa1feef8,0x00000000fa200000)
  to   space 12288K, 0% used [0x00000000f8c80000,0x00000000f8c80000,0x00000000f9880000)
 ParOldGen       total 50176K, used 21007K [0x00000000d0000000, 0x00000000d3100000, 0x00000000f0000000)
  object space 50176K, 41% used [0x00000000d0000000,0x00000000d1483ee0,0x00000000d3100000)
 Metaspace       used 27871K, capacity 29160K, committed 29312K, reserved 1075200K
  class space    used 3265K, capacity 3676K, committed 3712K, reserved 1048576K
Event: 8.900 GC heap after
Heap after GC invocations=10 (full 1):
 PSYoungGen      total 156160K, used 12256K [0x00000000f0000000, 0x00000000fd200000, 0x0000000100000000)
  eden space 143872K, 0% used [0x00000000f0000000,0x00000000f0000000,0x00000000f8c80000)
  from space 12288K, 99% used [0x00000000f8c80000,0x00000000f9878030,0x00000000f9880000)
  to   space 15360K, 0% used [0x00000000fc300000,0x00000000fc300000,0x00000000fd200000)
 ParOldGen       total 50176K, used 25080K [0x00000000d0000000, 0x00000000d3100000, 0x00000000f0000000)
  object space 50176K, 49% used [0x00000000d0000000,0x00000000d187e338,0x00000000d3100000)
 Metaspace       used 27871K, capacity 29160K, committed 29312K, reserved 1075200K
  class space    used 3265K, capacity 3676K, committed 3712K, reserved 1048576K
}
Event: 10.532 GC heap before
{Heap before GC invocations=11 (full 1):
 PSYoungGen      total 156160K, used 156128K [0x00000000f0000000, 0x00000000fd200000, 0x0000000100000000)
  eden space 143872K, 100% used [0x00000000f0000000,0x00000000f8c80000,0x00000000f8c80000)
  from space 12288K, 99% used [0x00000000f8c80000,0x00000000f9878030,0x00000000f9880000)
  to   space 15360K, 0% used [0x00000000fc300000,0x00000000fc300000,0x00000000fd200000)
 ParOldGen       total 50176K, used 25080K [0x00000000d0000000, 0x00000000d3100000, 0x00000000f0000000)
  object space 50176K, 49% used [0x00000000d0000000,0x00000000d187e338,0x00000000d3100000)
 Metaspace       used 30839K, capacity 32314K, committed 32640K, reserved 1077248K
  class space    used 3668K, capacity 4145K, committed 4224K, reserved 1048576K
Event: 10.596 GC heap after
Heap after GC invocations=11 (full 1):
 PSYoungGen      total 195072K, used 15351K [0x00000000f0000000, 0x00000000fdc80000, 0x0000000100000000)
  eden space 179712K, 0% used [0x00000000f0000000,0x00000000f0000000,0x00000000faf80000)
  from space 15360K, 99% used [0x00000000fc300000,0x00000000fd1fddb8,0x00000000fd200000)
  to   space 19968K, 0% used [0x00000000faf80000,0x00000000faf80000,0x00000000fc300000)
 ParOldGen       total 50176K, used 31399K [0x00000000d0000000, 0x00000000d3100000, 0x00000000f0000000)
  object space 50176K, 62% used [0x00000000d0000000,0x00000000d1ea9c88,0x00000000d3100000)
 Metaspace       used 30839K, capacity 32314K, committed 32640K, reserved 1077248K
  class space    used 3668K, capacity 4145K, committed 4224K, reserved 1048576K
}
Event: 12.559 GC heap before
{Heap before GC invocations=12 (full 1):
 PSYoungGen      total 195072K, used 195063K [0x00000000f0000000, 0x00000000fdc80000, 0x0000000100000000)
  eden space 179712K, 100% used [0x00000000f0000000,0x00000000faf80000,0x00000000faf80000)
  from space 15360K, 99% used [0x00000000fc300000,0x00000000fd1fddb8,0x00000000fd200000)
  to   space 19968K, 0% used [0x00000000faf80000,0x00000000faf80000,0x00000000fc300000)
 ParOldGen       total 50176K, used 31399K [0x00000000d0000000, 0x00000000d3100000, 0x00000000f0000000)
  object space 50176K, 62% used [0x00000000d0000000,0x00000000d1ea9c88,0x00000000d3100000)
 Metaspace       used 33219K, capacity 34786K, committed 34944K, reserved 1079296K
  class space    used 3971K, capacity 4480K, committed 4480K, reserved 1048576K
Event: 12.705 GC heap after
Heap after GC invocations=12 (full 1):
 PSYoungGen      total 199680K, used 19960K [0x00000000f0000000, 0x0000000100000000, 0x0000000100000000)
  eden space 179712K, 0% used [0x00000000f0000000,0x00000000f0000000,0x00000000faf80000)
  from space 19968K, 99% used [0x00000000faf80000,0x00000000fc2fe308,0x00000000fc300000)
  to   space 28160K, 0% used [0x00000000fe480000,0x00000000fe480000,0x0000000100000000)
 ParOldGen       total 50176K, used 45663K [0x00000000d0000000, 0x00000000d3100000, 0x00000000f0000000)
  object space 50176K, 91% used [0x00000000d0000000,0x00000000d2c97cc0,0x00000000d3100000)
 Metaspace       used 33219K, capacity 34786K, committed 34944K, reserved 1079296K
  class space    used 3971K, capacity 4480K, committed 4480K, reserved 1048576K
}
Event: 12.705 GC heap before
{Heap before GC invocations=13 (full 2):
 PSYoungGen      total 199680K, used 19960K [0x00000000f0000000, 0x0000000100000000, 0x0000000100000000)
  eden space 179712K, 0% used [0x00000000f0000000,0x00000000f0000000,0x00000000faf80000)
  from space 19968K, 99% used [0x00000000faf80000,0x00000000fc2fe308,0x00000000fc300000)
  to   space 28160K, 0% used [0x00000000fe480000,0x00000000fe480000,0x0000000100000000)
 ParOldGen       total 50176K, used 45663K [0x00000000d0000000, 0x00000000d3100000, 0x00000000f0000000)
  object space 50176K, 91% used [0x00000000d0000000,0x00000000d2c97cc0,0x00000000d3100000)
 Metaspace       used 33219K, capacity 34786K, committed 34944K, reserved 1079296K
  class space    used 3971K, capacity 4480K, committed 4480K, reserved 1048576K

